# JRE version: OpenJDK Runtime Environment (11.0.13) (build 11.0.13+0-b1751.21-8125866)
# Java VM: OpenJDK 64-Bit Server VM (11.0.13+0-b1751.21-8125866, mixed mode, tiered, compressed oops, g1 gc, windows-amd64)
Heap:
 garbage-first heap   total 253952K, used 130208K [0x0000000080000000, 0x0000000100000000)
  region size 1024K, 2 young (2048K), 2 survivors (2048K)
 Metaspace       used 78154K, capacity 80232K, committed 80560K, reserved 1118208K
  class space    used 10153K, capacity 10914K, committed 11008K, reserved 1048576K
GC Heap History (20 events):
Event: 8.927 GC heap after
{Heap after GC invocations=31 (full 0):
 garbage-first heap   total 175104K, used 86090K [0x0000000080000000, 0x0000000100000000)
  region size 1024K, 2 young (2048K), 2 survivors (2048K)
 Metaspace       used 54581K, capacity 56230K, committed 56368K, reserved 1097728K
  class space    used 6952K, capacity 7543K, committed 7552K, reserved 1048576K
}
Event: 9.213 GC heap before
{Heap before GC invocations=32 (full 0):
 garbage-first heap   total 175104K, used 93258K [0x0000000080000000, 0x0000000100000000)
  region size 1024K, 9 young (9216K), 2 survivors (2048K)
 Metaspace       used 54774K, capacity 56422K, committed 56624K, reserved 1097728K
  class space    used 6981K, capacity 7543K, committed 7552K, reserved 1048576K
}
Event: 9.218 GC heap after
{Heap after GC invocations=33 (full 0):
 garbage-first heap   total 175104K, used 86758K [0x0000000080000000, 0x0000000100000000)
  region size 1024K, 3 young (3072K), 3 survivors (3072K)
 Metaspace       used 54774K, capacity 56422K, committed 56624K, reserved 1097728K
  class space    used 6981K, capacity 7543K, committed 7552K, reserved 1048576K
}
Event: 9.994 GC heap before
{Heap before GC invocations=34 (full 0):
 garbage-first heap   total 175104K, used 122598K [0x0000000080000000, 0x0000000100000000)
  region size 1024K, 36 young (36864K), 3 survivors (3072K)
 Metaspace       used 59190K, capacity 60831K, committed 61104K, reserved 1101824K
  class space    used 7525K, capacity 8094K, committed 8192K, reserved 1048576K
}
Event: 9.997 GC heap after
{Heap after GC invocations=35 (full 0):
 garbage-first heap   total 175104K, used 90536K [0x0000000080000000, 0x0000000100000000)
  region size 1024K, 4 young (4096K), 4 survivors (4096K)
 Metaspace       used 59190K, capacity 60831K, committed 61104K, reserved 1101824K
  class space    used 7525K, capacity 8094K, committed 8192K, reserved 1048576K
}
Event: 10.541 GC heap before
{Heap before GC invocations=35 (full 0):
 garbage-first heap   total 175104K, used 107944K [0x0000000080000000, 0x0000000100000000)
  region size 1024K, 22 young (22528K), 4 survivors (4096K)
 Metaspace       used 62532K, capacity 64200K, committed 64304K, reserved 1105920K
  class space    used 7932K, capacity 8535K, committed 8576K, reserved 1048576K
}
Event: 10.548 GC heap after
{Heap after GC invocations=36 (full 0):
 garbage-first heap   total 175104K, used 92565K [0x0000000080000000, 0x0000000100000000)
  region size 1024K, 4 young (4096K), 4 survivors (4096K)
 Metaspace       used 62532K, capacity 64200K, committed 64304K, reserved 1105920K
  class space    used 7932K, capacity 8535K, committed 8576K, reserved 1048576K
}
Event: 11.027 GC heap before
{Heap before GC invocations=37 (full 0):
 garbage-first heap   total 175104K, used 132501K [0x0000000080000000, 0x0000000100000000)
  region size 1024K, 36 young (36864K), 4 survivors (4096K)
 Metaspace       used 64332K, capacity 65999K, committed 66096K, reserved 1105920K
  class space    used 8160K, capacity 8765K, committed 8832K, reserved 1048576K
}
Event: 11.038 GC heap after
{Heap after GC invocations=38 (full 0):
 garbage-first heap   total 175104K, used 95242K [0x0000000080000000, 0x0000000100000000)
  region size 1024K, 5 young (5120K), 5 survivors (5120K)
 Metaspace       used 64332K, capacity 65999K, committed 66096K, reserved 1105920K
  class space    used 8160K, capacity 8765K, committed 8832K, reserved 1048576K
}
Event: 11.777 GC heap before
{Heap before GC invocations=38 (full 0):
 garbage-first heap   total 175104K, used 121866K [0x0000000080000000, 0x0000000100000000)
  region size 1024K, 32 young (32768K), 5 survivors (5120K)
 Metaspace       used 66249K, capacity 67976K, committed 68144K, reserved 1107968K
  class space    used 8405K, capacity 8995K, committed 9088K, reserved 1048576K
}
Event: 11.785 GC heap after
{Heap after GC invocations=39 (full 0):
 garbage-first heap   total 210944K, used 97073K [0x0000000080000000, 0x0000000100000000)
  region size 1024K, 2 young (2048K), 2 survivors (2048K)
 Metaspace       used 66249K, capacity 67976K, committed 68144K, reserved 1107968K
  class space    used 8405K, capacity 8995K, committed 9088K, reserved 1048576K
}
Event: 12.630 GC heap before
{Heap before GC invocations=40 (full 0):
 garbage-first heap   total 210944K, used 147249K [0x0000000080000000, 0x0000000100000000)
  region size 1024K, 50 young (51200K), 2 survivors (2048K)
 Metaspace       used 67382K, capacity 69194K, committed 69296K, reserved 1110016K
  class space    used 8571K, capacity 9204K, committed 9216K, reserved 1048576K
}
Event: 12.638 GC heap after
{Heap after GC invocations=41 (full 0):
 garbage-first heap   total 210944K, used 99997K [0x0000000080000000, 0x0000000100000000)
  region size 1024K, 5 young (5120K), 5 survivors (5120K)
 Metaspace       used 67382K, capacity 69194K, committed 69296K, reserved 1110016K
  class space    used 8571K, capacity 9204K, committed 9216K, reserved 1048576K
}
Event: 13.957 GC heap before
{Heap before GC invocations=41 (full 0):
 garbage-first heap   total 210944K, used 153245K [0x0000000080000000, 0x0000000100000000)
  region size 1024K, 57 young (58368K), 5 survivors (5120K)
 Metaspace       used 73213K, capacity 75014K, committed 75184K, reserved 1114112K
  class space    used 9511K, capacity 10128K, committed 10240K, reserved 1048576K
}
Event: 13.968 GC heap after
{Heap after GC invocations=42 (full 0):
 garbage-first heap   total 210944K, used 103355K [0x0000000080000000, 0x0000000100000000)
  region size 1024K, 7 young (7168K), 7 survivors (7168K)
 Metaspace       used 73213K, capacity 75014K, committed 75184K, reserved 1114112K
  class space    used 9511K, capacity 10128K, committed 10240K, reserved 1048576K
}
Event: 14.140 GC heap before
{Heap before GC invocations=43 (full 0):
 garbage-first heap   total 210944K, used 116667K [0x0000000080000000, 0x0000000100000000)
  region size 1024K, 16 young (16384K), 7 survivors (7168K)
 Metaspace       used 74201K, capacity 76050K, committed 76336K, reserved 1116160K
  class space    used 9636K, capacity 10259K, committed 10368K, reserved 1048576K
}
Event: 14.150 GC heap after
{Heap after GC invocations=44 (full 0):
 garbage-first heap   total 210944K, used 109707K [0x0000000080000000, 0x0000000100000000)
  region size 1024K, 5 young (5120K), 5 survivors (5120K)
 Metaspace       used 74201K, capacity 76050K, committed 76336K, reserved 1116160K
  class space    used 9636K, capacity 10259K, committed 10368K, reserved 1048576K
}
Event: 15.021 GC heap before
{Heap before GC invocations=45 (full 0):
 garbage-first heap   total 210944K, used 175243K [0x0000000080000000, 0x0000000100000000)
  region size 1024K, 57 young (58368K), 5 survivors (5120K)
 Metaspace       used 76810K, capacity 78871K, committed 79152K, reserved 1118208K
  class space    used 10002K, capacity 10782K, committed 10880K, reserved 1048576K
}
Event: 15.036 GC heap after
{Heap after GC invocations=46 (full 0):
 garbage-first heap   total 210944K, used 128844K [0x0000000080000000, 0x0000000100000000)
  region size 1024K, 7 young (7168K), 7 survivors (7168K)
 Metaspace       used 76810K, capacity 78871K, committed 79152K, reserved 1118208K
  class space    used 10002K, capacity 10782K, committed 10880K, reserved 1048576K
}
Event: 15.178 GC heap before
{Heap before GC invocations=46 (full 0):
 garbage-first heap   total 210944K, used 164684K [0x0000000080000000, 0x0000000100000000)
  region size 1024K, 43 young (44032K), 7 survivors (7168K)
 Metaspace       used 78154K, capacity 80232K, committed 80560K, reserved 1118208K
  class space    used 10153K, capacity 10914K, committed 11008K, reserved 1048576K
}

