# JRE version: OpenJDK Runtime Environment (11.0.13) (build 11.0.13+0-b1751.21-8125866)
# Java VM: OpenJDK 64-Bit Server VM (11.0.13+0-b1751.21-8125866, mixed mode, tiered, compressed oops, g1 gc, windows-amd64)
Heap:
 garbage-first heap   total 224256K, used 162737K [0x0000000080000000, 0x0000000100000000)
  region size 1024K, 22 young (22528K), 4 survivors (4096K)
 Metaspace       used 100351K, capacity 102860K, committed 102960K, reserved 1138688K
  class space    used 12960K, capacity 13916K, committed 13952K, reserved 1048576K
GC Heap History (20 events):
Event: 24.187 GC heap before
{Heap before GC invocations=64 (full 0):
 garbage-first heap   total 224256K, used 171785K [0x0000000080000000, 0x0000000100000000)
  region size 1024K, 43 young (44032K), 3 survivors (3072K)
 Metaspace       used 87187K, capacity 89364K, committed 89648K, reserved 1126400K
  class space    used 11293K, capacity 12099K, committed 12160K, reserved 1048576K
}
Event: 24.196 GC heap after
{Heap after GC invocations=65 (full 0):
 garbage-first heap   total 224256K, used 133658K [0x0000000080000000, 0x0000000100000000)
  region size 1024K, 5 young (5120K), 5 survivors (5120K)
 Metaspace       used 87187K, capacity 89364K, committed 89648K, reserved 1126400K
  class space    used 11293K, capacity 12099K, committed 12160K, reserved 1048576K
}
Event: 24.428 GC heap before
{Heap before GC invocations=66 (full 0):
 garbage-first heap   total 224256K, used 135706K [0x0000000080000000, 0x0000000100000000)
  region size 1024K, 8 young (8192K), 5 survivors (5120K)
 Metaspace       used 87409K, capacity 89698K, committed 90032K, reserved 1126400K
  class space    used 11336K, capacity 12190K, committed 12288K, reserved 1048576K
}
Event: 24.437 GC heap after
{Heap after GC invocations=67 (full 0):
 garbage-first heap   total 224256K, used 133992K [0x0000000080000000, 0x0000000100000000)
  region size 1024K, 4 young (4096K), 4 survivors (4096K)
 Metaspace       used 87409K, capacity 89698K, committed 90032K, reserved 1126400K
  class space    used 11336K, capacity 12190K, committed 12288K, reserved 1048576K
}
Event: 24.782 GC heap before
{Heap before GC invocations=68 (full 0):
 garbage-first heap   total 224256K, used 169832K [0x0000000080000000, 0x0000000100000000)
  region size 1024K, 38 young (38912K), 4 survivors (4096K)
 Metaspace       used 87882K, capacity 90210K, committed 90544K, reserved 1128448K
  class space    used 11358K, capacity 12190K, committed 12288K, reserved 1048576K
}
Event: 24.790 GC heap after
{Heap after GC invocations=69 (full 0):
 garbage-first heap   total 224256K, used 138815K [0x0000000080000000, 0x0000000100000000)
  region size 1024K, 4 young (4096K), 4 survivors (4096K)
 Metaspace       used 87882K, capacity 90210K, committed 90544K, reserved 1128448K
  class space    used 11358K, capacity 12190K, committed 12288K, reserved 1048576K
}
Event: 24.932 GC heap before
{Heap before GC invocations=69 (full 0):
 garbage-first heap   total 224256K, used 173631K [0x0000000080000000, 0x0000000100000000)
  region size 1024K, 38 young (38912K), 4 survivors (4096K)
 Metaspace       used 87884K, capacity 90210K, committed 90544K, reserved 1128448K
  class space    used 11358K, capacity 12190K, committed 12288K, reserved 1048576K
}
Event: 24.936 GC heap after
{Heap after GC invocations=70 (full 0):
 garbage-first heap   total 224256K, used 139235K [0x0000000080000000, 0x0000000100000000)
  region size 1024K, 1 young (1024K), 1 survivors (1024K)
 Metaspace       used 87884K, capacity 90210K, committed 90544K, reserved 1128448K
  class space    used 11358K, capacity 12190K, committed 12288K, reserved 1048576K
}
Event: 25.147 GC heap before
{Heap before GC invocations=70 (full 0):
 garbage-first heap   total 224256K, used 177123K [0x0000000080000000, 0x0000000100000000)
  region size 1024K, 38 young (38912K), 1 survivors (1024K)
 Metaspace       used 87886K, capacity 90210K, committed 90544K, reserved 1128448K
  class space    used 11358K, capacity 12190K, committed 12288K, reserved 1048576K
}
Event: 25.149 GC heap after
{Heap after GC invocations=71 (full 0):
 garbage-first heap   total 224256K, used 139001K [0x0000000080000000, 0x0000000100000000)
  region size 1024K, 1 young (1024K), 1 survivors (1024K)
 Metaspace       used 87886K, capacity 90210K, committed 90544K, reserved 1128448K
  class space    used 11358K, capacity 12190K, committed 12288K, reserved 1048576K
}
Event: 25.364 GC heap before
{Heap before GC invocations=72 (full 0):
 garbage-first heap   total 224256K, used 179961K [0x0000000080000000, 0x0000000100000000)
  region size 1024K, 41 young (41984K), 1 survivors (1024K)
 Metaspace       used 87886K, capacity 90210K, committed 90544K, reserved 1128448K
  class space    used 11358K, capacity 12190K, committed 12288K, reserved 1048576K
}
Event: 25.365 GC heap after
{Heap after GC invocations=73 (full 0):
 garbage-first heap   total 224256K, used 139190K [0x0000000080000000, 0x0000000100000000)
  region size 1024K, 1 young (1024K), 1 survivors (1024K)
 Metaspace       used 87886K, capacity 90210K, committed 90544K, reserved 1128448K
  class space    used 11358K, capacity 12190K, committed 12288K, reserved 1048576K
}
Event: 25.548 GC heap before
{Heap before GC invocations=73 (full 0):
 garbage-first heap   total 224256K, used 183222K [0x0000000080000000, 0x0000000100000000)
  region size 1024K, 44 young (45056K), 1 survivors (1024K)
 Metaspace       used 87891K, capacity 90210K, committed 90544K, reserved 1128448K
  class space    used 11359K, capacity 12190K, committed 12288K, reserved 1048576K
}
Event: 25.550 GC heap after
{Heap after GC invocations=74 (full 0):
 garbage-first heap   total 224256K, used 139157K [0x0000000080000000, 0x0000000100000000)
  region size 1024K, 1 young (1024K), 1 survivors (1024K)
 Metaspace       used 87891K, capacity 90210K, committed 90544K, reserved 1128448K
  class space    used 11359K, capacity 12190K, committed 12288K, reserved 1048576K
}
Event: 25.748 GC heap before
{Heap before GC invocations=74 (full 0):
 garbage-first heap   total 224256K, used 185237K [0x0000000080000000, 0x0000000100000000)
  region size 1024K, 46 young (47104K), 1 survivors (1024K)
 Metaspace       used 87904K, capacity 90210K, committed 90544K, reserved 1128448K
  class space    used 11359K, capacity 12190K, committed 12288K, reserved 1048576K
}
Event: 25.750 GC heap after
{Heap after GC invocations=75 (full 0):
 garbage-first heap   total 224256K, used 139188K [0x0000000080000000, 0x0000000100000000)
  region size 1024K, 1 young (1024K), 1 survivors (1024K)
 Metaspace       used 87904K, capacity 90210K, committed 90544K, reserved 1128448K
  class space    used 11359K, capacity 12190K, committed 12288K, reserved 1048576K
}
Event: 27.129 GC heap before
{Heap before GC invocations=76 (full 0):
 garbage-first heap   total 224256K, used 175028K [0x0000000080000000, 0x0000000100000000)
  region size 1024K, 37 young (37888K), 1 survivors (1024K)
 Metaspace       used 91340K, capacity 93713K, committed 93872K, reserved 1130496K
  class space    used 11848K, capacity 12722K, committed 12800K, reserved 1048576K
}
Event: 27.134 GC heap after
{Heap after GC invocations=77 (full 0):
 garbage-first heap   total 224256K, used 137887K [0x0000000080000000, 0x0000000100000000)
  region size 1024K, 2 young (2048K), 2 survivors (2048K)
 Metaspace       used 91340K, capacity 93713K, committed 93872K, reserved 1130496K
  class space    used 11848K, capacity 12722K, committed 12800K, reserved 1048576K
}
Event: 28.784 GC heap before
{Heap before GC invocations=78 (full 0):
 garbage-first heap   total 224256K, used 195815K [0x0000000080000000, 0x0000000100000000)
  region size 1024K, 48 young (49152K), 2 survivors (2048K)
 Metaspace       used 97050K, capacity 99481K, committed 99760K, reserved 1136640K
  class space    used 12574K, capacity 13501K, committed 13568K, reserved 1048576K
}
Event: 28.799 GC heap after
{Heap after GC invocations=79 (full 0):
 garbage-first heap   total 224256K, used 145329K [0x0000000080000000, 0x0000000100000000)
  region size 1024K, 4 young (4096K), 4 survivors (4096K)
 Metaspace       used 97050K, capacity 99481K, committed 99760K, reserved 1136640K
  class space    used 12574K, capacity 13501K, committed 13568K, reserved 1048576K
}

