# JRE version: OpenJDK Runtime Environment (11.0.13) (build 11.0.13+0-b1751.21-8125866)
# Java VM: OpenJDK 64-Bit Server VM (11.0.13+0-b1751.21-8125866, mixed mode, tiered, compressed oops, g1 gc, windows-amd64)
Heap:
 garbage-first heap   total 262144K, used 168947K [0x0000000080000000, 0x0000000100000000)
  region size 1024K, 40 young (40960K), 4 survivors (4096K)
 Metaspace       used 87971K, capacity 90172K, committed 90416K, reserved 1128448K
  class space    used 11373K, capacity 12150K, committed 12160K, reserved 1048576K
GC Heap History (20 events):
Event: 48.891 GC heap before
{Heap before GC invocations=75 (full 0):
 garbage-first heap   total 181248K, used 153423K [0x0000000080000000, 0x0000000100000000)
  region size 1024K, 52 young (53248K), 6 survivors (6144K)
 Metaspace       used 76596K, capacity 78467K, committed 78768K, reserved 1118208K
  class space    used 9718K, capacity 10412K, committed 10496K, reserved 1048576K
}
Event: 48.917 GC heap after
{Heap after GC invocations=76 (full 0):
 garbage-first heap   total 181248K, used 103808K [0x0000000080000000, 0x0000000100000000)
  region size 1024K, 7 young (7168K), 7 survivors (7168K)
 Metaspace       used 76596K, capacity 78467K, committed 78768K, reserved 1118208K
  class space    used 9718K, capacity 10412K, committed 10496K, reserved 1048576K
}
Event: 49.337 GC heap before
{Heap before GC invocations=76 (full 0):
 garbage-first heap   total 181248K, used 119168K [0x0000000080000000, 0x0000000100000000)
  region size 1024K, 23 young (23552K), 7 survivors (7168K)
 Metaspace       used 77695K, capacity 79564K, committed 79664K, reserved 1118208K
  class space    used 9874K, capacity 10542K, committed 10624K, reserved 1048576K
}
Event: 49.361 GC heap after
{Heap after GC invocations=77 (full 0):
 garbage-first heap   total 181248K, used 105147K [0x0000000080000000, 0x0000000100000000)
  region size 1024K, 2 young (2048K), 2 survivors (2048K)
 Metaspace       used 77695K, capacity 79564K, committed 79664K, reserved 1118208K
  class space    used 9874K, capacity 10542K, committed 10624K, reserved 1048576K
}
Event: 50.256 GC heap before
{Heap before GC invocations=78 (full 0):
 garbage-first heap   total 181248K, used 152251K [0x0000000080000000, 0x0000000100000000)
  region size 1024K, 47 young (48128K), 2 survivors (2048K)
 Metaspace       used 78805K, capacity 80854K, committed 81200K, reserved 1120256K
  class space    used 10028K, capacity 10753K, committed 10880K, reserved 1048576K
}
Event: 50.263 GC heap after
{Heap after GC invocations=79 (full 0):
 garbage-first heap   total 218112K, used 107040K [0x0000000080000000, 0x0000000100000000)
  region size 1024K, 4 young (4096K), 4 survivors (4096K)
 Metaspace       used 78805K, capacity 80854K, committed 81200K, reserved 1120256K
  class space    used 10028K, capacity 10753K, committed 10880K, reserved 1048576K
}
Event: 54.032 GC heap before
{Heap before GC invocations=79 (full 0):
 garbage-first heap   total 218112K, used 170528K [0x0000000080000000, 0x0000000100000000)
  region size 1024K, 66 young (67584K), 4 survivors (4096K)
 Metaspace       used 85253K, capacity 87299K, committed 87600K, reserved 1124352K
  class space    used 11046K, capacity 11778K, committed 11904K, reserved 1048576K
}
Event: 54.066 GC heap after
{Heap after GC invocations=80 (full 0):
 garbage-first heap   total 218112K, used 110956K [0x0000000080000000, 0x0000000100000000)
  region size 1024K, 8 young (8192K), 8 survivors (8192K)
 Metaspace       used 85253K, capacity 87299K, committed 87600K, reserved 1124352K
  class space    used 11046K, capacity 11778K, committed 11904K, reserved 1048576K
}
Event: 54.648 GC heap before
{Heap before GC invocations=81 (full 0):
 garbage-first heap   total 218112K, used 114028K [0x0000000080000000, 0x0000000100000000)
  region size 1024K, 12 young (12288K), 8 survivors (8192K)
 Metaspace       used 85746K, capacity 87748K, committed 87856K, reserved 1126400K
  class space    used 11104K, capacity 11842K, committed 11904K, reserved 1048576K
}
Event: 54.672 GC heap after
{Heap after GC invocations=82 (full 0):
 garbage-first heap   total 218112K, used 110833K [0x0000000080000000, 0x0000000100000000)
  region size 1024K, 4 young (4096K), 4 survivors (4096K)
 Metaspace       used 85746K, capacity 87748K, committed 87856K, reserved 1126400K
  class space    used 11104K, capacity 11842K, committed 11904K, reserved 1048576K
}
Event: 54.990 GC heap before
{Heap before GC invocations=83 (full 0):
 garbage-first heap   total 218112K, used 112881K [0x0000000080000000, 0x0000000100000000)
  region size 1024K, 5 young (5120K), 4 survivors (4096K)
 Metaspace       used 85746K, capacity 87748K, committed 87856K, reserved 1126400K
  class space    used 11104K, capacity 11842K, committed 11904K, reserved 1048576K
}
Event: 55.018 GC heap after
{Heap after GC invocations=84 (full 0):
 garbage-first heap   total 218112K, used 113417K [0x0000000080000000, 0x0000000100000000)
  region size 1024K, 5 young (5120K), 5 survivors (5120K)
 Metaspace       used 85746K, capacity 87748K, committed 87856K, reserved 1126400K
  class space    used 11104K, capacity 11842K, committed 11904K, reserved 1048576K
}
Event: 55.692 GC heap before
{Heap before GC invocations=85 (full 0):
 garbage-first heap   total 218112K, used 116489K [0x0000000080000000, 0x0000000100000000)
  region size 1024K, 6 young (6144K), 5 survivors (5120K)
 Metaspace       used 85715K, capacity 87628K, committed 87856K, reserved 1126400K
  class space    used 11094K, capacity 11802K, committed 11904K, reserved 1048576K
}
Event: 55.718 GC heap after
{Heap after GC invocations=86 (full 0):
 garbage-first heap   total 218112K, used 117454K [0x0000000080000000, 0x0000000100000000)
  region size 1024K, 2 young (2048K), 2 survivors (2048K)
 Metaspace       used 85715K, capacity 87628K, committed 87856K, reserved 1126400K
  class space    used 11094K, capacity 11802K, committed 11904K, reserved 1048576K
}
Event: 56.428 GC heap before
{Heap before GC invocations=87 (full 0):
 garbage-first heap   total 218112K, used 120526K [0x0000000080000000, 0x0000000100000000)
  region size 1024K, 3 young (3072K), 2 survivors (2048K)
 Metaspace       used 85715K, capacity 87628K, committed 87856K, reserved 1126400K
  class space    used 11094K, capacity 11802K, committed 11904K, reserved 1048576K
}
Event: 56.438 GC heap after
{Heap after GC invocations=88 (full 0):
 garbage-first heap   total 262144K, used 120899K [0x0000000080000000, 0x0000000100000000)
  region size 1024K, 2 young (2048K), 2 survivors (2048K)
 Metaspace       used 85715K, capacity 87628K, committed 87856K, reserved 1126400K
  class space    used 11094K, capacity 11802K, committed 11904K, reserved 1048576K
}
Event: 57.078 GC heap before
{Heap before GC invocations=89 (full 0):
 garbage-first heap   total 262144K, used 124995K [0x0000000080000000, 0x0000000100000000)
  region size 1024K, 3 young (3072K), 2 survivors (2048K)
 Metaspace       used 85715K, capacity 87628K, committed 87856K, reserved 1126400K
  class space    used 11094K, capacity 11802K, committed 11904K, reserved 1048576K
}
Event: 57.084 GC heap after
{Heap after GC invocations=90 (full 0):
 garbage-first heap   total 262144K, used 125386K [0x0000000080000000, 0x0000000100000000)
  region size 1024K, 3 young (3072K), 3 survivors (3072K)
 Metaspace       used 85715K, capacity 87628K, committed 87856K, reserved 1126400K
  class space    used 11094K, capacity 11802K, committed 11904K, reserved 1048576K
}
Event: 57.781 GC heap before
{Heap before GC invocations=91 (full 0):
 garbage-first heap   total 262144K, used 131530K [0x0000000080000000, 0x0000000100000000)
  region size 1024K, 5 young (5120K), 3 survivors (3072K)
 Metaspace       used 85715K, capacity 87628K, committed 87856K, reserved 1126400K
  class space    used 11094K, capacity 11802K, committed 11904K, reserved 1048576K
}
Event: 57.787 GC heap after
{Heap after GC invocations=92 (full 0):
 garbage-first heap   total 262144K, used 132083K [0x0000000080000000, 0x0000000100000000)
  region size 1024K, 4 young (4096K), 4 survivors (4096K)
 Metaspace       used 85715K, capacity 87628K, committed 87856K, reserved 1126400K
  class space    used 11094K, capacity 11802K, committed 11904K, reserved 1048576K
}

